<?xml version="1.0" encoding="UTF-8"?>
<!-- Generated by org.testng.reporters.JUnitXMLReporter -->
<testsuite hostname="DESKTOP-AM0Q8B9" name="Default test" tests="4" failures="0" timestamp="18 Dec 2019 07:19:43 GMT" time="0.073" errors="0">
  <testcase name="test1" time="0.015" classname="com.leduka.TestNgGroupDemo"/>
  <testcase name="test2" time="0.002" classname="com.leduka.TestNgGroupDemo"/>
  <testcase name="test3" time="0.002" classname="com.leduka.TestNgGroupDemo"/>
  <testcase name="test4" time="0.014" classname="com.leduka.TestNgGroupDemo"/>
</testsuite> <!-- Default test -->
