<?xml version="1.0" encoding="UTF-8"?>
<!-- Generated by org.testng.reporters.JUnitXMLReporter -->
<testsuite hostname="DESKTOP-AM0Q8B9" name="Test" tests="3" failures="0" timestamp="18 Dec 2019 07:44:47 GMT" time="0.104" errors="0">
  <testcase name="test1" time="0.02" classname="com.leduka.TestNgGroupDemo"/>
  <testcase name="test2" time="0.016" classname="com.leduka.TestNgGroupDemo"/>
  <testcase name="test3" time="0.012" classname="com.leduka.TestNgGroupDemo"/>
</testsuite> <!-- Test -->
